<?xml version="1.0" encoding="UTF-8"?>
<!-- Generated by org.testng.reporters.JUnitXMLReporter -->
<testsuite hostname="Sorowar-Windows-Laptop-01" ignored="0" name="DependencyTest" tests="8" failures="0" timestamp="24 Oct 2017 21:33:39 GMT" time="0.038" errors="0">
  <testcase name="verifyUserLogin" time="0.001" classname="TestNG.TestNGDependencies"/>
  <testcase name="verifyWishlistPage" time="0.001" classname="TestNG.TestNGDependencies"/>
  <testcase name="loginInfo" time="0.003" classname="TestNG.TestDataprovider"/>
  <testcase name="loginInfo" time="0.001" classname="TestNG.TestDataprovider"/>
  <testcase name="login" time="0.002" classname="TestNG.TestNGDependencies"/>
  <testcase name="verifyAccountSettings" time="0.003" classname="TestNG.TestNGDependencies"/>
  <testcase name="verifyreportSettings" time="0.001" classname="TestNG.TestNGDependencies"/>
  <testcase name="verifyGeneralSettings" time="0.001" classname="TestNG.TestNGDependencies"/>
</testsuite> <!-- DependencyTest -->
