<?xml version="1.0" encoding="UTF-8"?>
<!-- Generated by org.testng.reporters.JUnitXMLReporter -->
<testsuite hostname="Sorowar-Windows-Laptop-01" ignored="3" name="testngTest" tests="3" failures="0" timestamp="24 Oct 2017 21:33:39 GMT" time="0.036" errors="0">
  <testcase name="testCase1" time="0.006" classname="TestNG.TestngAnnotations"/>
  <testcase name="composeMail" time="0.002" classname="TestNG.TestNGGroupTest"/>
  <testcase name="loginTest" time="0.002" classname="TestNG.TestNGGroupTest"/>
  <testcase name="aSkipTest" time="0.0" classname="TestNG.SkipTestCase">
    <ignored/>
  </testcase> <!-- aSkipTest -->
  <testcase name="testCase2" time="0.0" classname="TestNG.TestngAnnotations">
    <ignored/>
  </testcase> <!-- testCase2 -->
  <testcase name="nonSkipTest" time="0.0" classname="TestNG.SkipTestCase">
    <ignored/>
  </testcase> <!-- nonSkipTest -->
</testsuite> <!-- testngTest -->
